<?xml version="1.0" encoding="UTF-8"?>
<!-- Generated by org.testng.reporters.JUnitReportReporter -->
<testsuite hostname="DESKTOP-LLLGMOJ" failures="0" tests="3" name="runner.TestRunner" time="17.699" errors="0" timestamp="2025-01-12T09:09:52 IST" skipped="0">
  <testcase classname="runner.TestRunner" name="runScenario" time="7.375"/>
  <testcase classname="runner.TestRunner" name="runScenario" time="3.275"/>
  <testcase classname="runner.TestRunner" name="runScenario" time="7.049"/>
</testsuite> <!-- runner.TestRunner -->
