<?xml version="1.0" encoding="UTF-8"?>
<!-- Generated by org.testng.reporters.JUnitReportReporter -->
<testsuite hostname="DESKTOP-LLLGMOJ" failures="0" tests="3" name="runner.TestRunner" time="16.630" errors="0" timestamp="2025-01-12T09:12:13 IST" skipped="0">
  <testcase classname="runner.TestRunner" name="runScenario" time="7.389"/>
  <testcase classname="runner.TestRunner" name="runScenario" time="2.590"/>
  <testcase classname="runner.TestRunner" name="runScenario" time="6.651"/>
</testsuite> <!-- runner.TestRunner -->
